<?xml version="1.0" encoding="UTF-8"?>
<testsuites name="TS01_Login" time="52.052" tests="4" failures="0" errors="0">
   <testsuite name="TS01_Login" tests="4" failures="0" errors="0" time="52.052" skipped="0" timestamp="2023-01-19 20:30:27" hostname="6000146 - LAPTOP-6000146.bfi.co.id" id="Test Suites/TS01_Login">
      <properties>
         <property name="deviceName" value=""/>
         <property name="devicePlatform" value=""/>
         <property name="logFolder" value="C:\\Users\\6000146\\Katalon Studio\\fiki23.git\\Reports\\20230119_203008\\TS01_Login\\20230119_203008"/>
         <property name="logFiles" value="C:\\Users\\6000146\\Katalon Studio\\fiki23.git\\Reports\\20230119_203008\\TS01_Login\\20230119_203008\\execution0.log"/>
         <property name="attachments" value=""/>
         <property name="hostName" value="6000146 - LAPTOP-6000146.bfi.co.id"/>
         <property name="os" value="Windows 10 64bit"/>
         <property name="katalonVersion" value="8.5.5.208"/>
         <property name="browser" value="Chrome 108.0.0.0"/>
         <property name="hostAddress" value="172.30.1.58"/>
         <property name="sessionId" value="2520e1fc987548d082c9f8d9289bb9f6"/>
         <property name="seleniumVersion" value="3.141.59"/>
         <property name="proxyInformation" value="ProxyInformation { proxyOption=NO_PROXY, proxyServerType=HTTP, username=, password=********, proxyServerAddress=, proxyServerPort=0, executionList=&quot;&quot;, isApplyToDesiredCapabilities=true }"/>
         <property name="platform" value="Windows 10"/>
      </properties>
      <testcase name="Test Cases/TC01_Valid_Login" time="11.745" classname="Test Cases/TC01_Valid_Login" status="PASSED">
         <system-out><![CDATA[2023-01-19 20:30:27 - [TEST_CASE][PASSED] - Test Cases/TC01_Valid_Login: Test Cases/TC01_Valid_Login

2023-01-19 20:30:28 - [TEST_STEP][PASSED] - openBrowser(""): Browser is opened with url: ''

2023-01-19 20:30:29 - [MESSAGE][INFO] - Starting 'Chrome' driver

2023-01-19 20:30:29 - [MESSAGE][INFO] - Action delay is set to 0 milliseconds

2023-01-19 20:30:31 - [MESSAGE][PASSED] - Browser is opened with url: ''

2023-01-19 20:30:31 - [TEST_STEP][PASSED] - navigateToUrl("http://172.18.49.40:8080/login"): Navigate to 'http://172.18.49.40:8080/login' successfully

2023-01-19 20:30:35 - [MESSAGE][PASSED] - Navigate to 'http://172.18.49.40:8080/login' successfully

2023-01-19 20:30:35 - [TEST_STEP][PASSED] - setText(findTestObject("Page_Aprodite/input_Email"), "testsuperadmin@mailinator.com"): Text 'testsuperadmin@mailinator.com' is set on object 'Object Repository/Page_Aprodite/input_Email'

2023-01-19 20:30:36 - [MESSAGE][PASSED] - Text 'testsuperadmin@mailinator.com' is set on object 'Object Repository/Page_Aprodite/input_Email'

2023-01-19 20:30:36 - [TEST_STEP][PASSED] - setEncryptedText(findTestObject("Page_Aprodite/input_Password"), "5xx1bkCcAlw="): Text ****** has been set on object 'Object Repository/Page_Aprodite/input_Password'

2023-01-19 20:30:37 - [MESSAGE][PASSED] - Text ****** has been set on object 'Object Repository/Page_Aprodite/input_Password'

2023-01-19 20:30:37 - [TEST_STEP][PASSED] - delay(2): Delayed 2 second(s)

2023-01-19 20:30:39 - [MESSAGE][PASSED] - Delayed 2 second(s)

2023-01-19 20:30:39 - [TEST_STEP][PASSED] - click(findTestObject("Page_Aprodite/Button Login")): Object: 'Object Repository/Page_Aprodite/Button Login' is clicked on

2023-01-19 20:30:39 - [MESSAGE][PASSED] - Object: 'Object Repository/Page_Aprodite/Button Login' is clicked on]]></system-out>
         <system-err><![CDATA[]]></system-err>
      </testcase>
      <testcase name="Test Cases/TC02_Invalid_Email" time="11.671" classname="Test Cases/TC02_Invalid_Email" status="PASSED">
         <system-out><![CDATA[2023-01-19 20:30:39 - [TEST_CASE][PASSED] - Test Cases/TC02_Invalid_Email: Test Cases/TC02_Invalid_Email

2023-01-19 20:30:40 - [TEST_STEP][PASSED] - openBrowser(""): Browser is opened with url: ''

2023-01-19 20:30:40 - [MESSAGE][WARNING] - A browser is already opened. Closing browser and opening a new one

2023-01-19 20:30:41 - [MESSAGE][INFO] - Starting 'Chrome' driver

2023-01-19 20:30:41 - [MESSAGE][INFO] - Action delay is set to 0 milliseconds

2023-01-19 20:30:43 - [MESSAGE][PASSED] - Browser is opened with url: ''

2023-01-19 20:30:43 - [TEST_STEP][PASSED] - navigateToUrl("http://172.18.49.40:8080/login"): Navigate to 'http://172.18.49.40:8080/login' successfully

2023-01-19 20:30:46 - [MESSAGE][PASSED] - Navigate to 'http://172.18.49.40:8080/login' successfully

2023-01-19 20:30:46 - [TEST_STEP][PASSED] - setText(findTestObject("Page_Aprodite/input_Email"), ""): Text '' is set on object 'Object Repository/Page_Aprodite/input_Email'

2023-01-19 20:30:47 - [MESSAGE][PASSED] - Text '' is set on object 'Object Repository/Page_Aprodite/input_Email'

2023-01-19 20:30:47 - [TEST_STEP][PASSED] - setText(findTestObject("Page_Aprodite/input_Password"), "test123"): Text 'test123' is set on object 'Object Repository/Page_Aprodite/input_Password'

2023-01-19 20:30:48 - [MESSAGE][PASSED] - Text 'test123' is set on object 'Object Repository/Page_Aprodite/input_Password'

2023-01-19 20:30:48 - [TEST_STEP][PASSED] - delay(2): Delayed 2 second(s)

2023-01-19 20:30:50 - [MESSAGE][PASSED] - Delayed 2 second(s)

2023-01-19 20:30:50 - [TEST_STEP][PASSED] - click(findTestObject("Page_Aprodite/Button Login")): Object: 'Object Repository/Page_Aprodite/Button Login' is clicked on

2023-01-19 20:30:50 - [MESSAGE][PASSED] - Object: 'Object Repository/Page_Aprodite/Button Login' is clicked on

2023-01-19 20:30:50 - [TEST_STEP][PASSED] - verifyElementPresent(findTestObject("Page_Aprodite/Invalid_username"), 0): Object 'Object Repository/Page_Aprodite/Invalid_username' is present

2023-01-19 20:30:50 - [MESSAGE][WARNING] - Timeout '0' is invalid. Using default page load timeout: '30'

2023-01-19 20:30:51 - [MESSAGE][PASSED] - Object 'Object Repository/Page_Aprodite/Invalid_username' is present]]></system-out>
         <system-err><![CDATA[]]></system-err>
      </testcase>
      <testcase name="Test Cases/TC03_Invalid_Password" time="11.964" classname="Test Cases/TC03_Invalid_Password" status="PASSED">
         <system-out><![CDATA[2023-01-19 20:30:51 - [TEST_CASE][PASSED] - Test Cases/TC03_Invalid_Password: Test Cases/TC03_Invalid_Password

2023-01-19 20:30:51 - [TEST_STEP][PASSED] - openBrowser(""): Browser is opened with url: ''

2023-01-19 20:30:51 - [MESSAGE][WARNING] - A browser is already opened. Closing browser and opening a new one

2023-01-19 20:30:52 - [MESSAGE][INFO] - Starting 'Chrome' driver

2023-01-19 20:30:52 - [MESSAGE][INFO] - Action delay is set to 0 milliseconds

2023-01-19 20:30:54 - [MESSAGE][PASSED] - Browser is opened with url: ''

2023-01-19 20:30:54 - [TEST_STEP][PASSED] - navigateToUrl("http://172.18.49.40:8080/login"): Navigate to 'http://172.18.49.40:8080/login' successfully

2023-01-19 20:30:58 - [MESSAGE][PASSED] - Navigate to 'http://172.18.49.40:8080/login' successfully

2023-01-19 20:30:58 - [TEST_STEP][PASSED] - setText(findTestObject("Page_Aprodite/input_Email"), "testsuperadmin@mailinator.com"): Text 'testsuperadmin@mailinator.com' is set on object 'Object Repository/Page_Aprodite/input_Email'

2023-01-19 20:30:59 - [MESSAGE][PASSED] - Text 'testsuperadmin@mailinator.com' is set on object 'Object Repository/Page_Aprodite/input_Email'

2023-01-19 20:30:59 - [TEST_STEP][PASSED] - setText(findTestObject("Page_Aprodite/input_Password"), ""): Text '' is set on object 'Object Repository/Page_Aprodite/input_Password'

2023-01-19 20:31:00 - [MESSAGE][PASSED] - Text '' is set on object 'Object Repository/Page_Aprodite/input_Password'

2023-01-19 20:31:00 - [TEST_STEP][PASSED] - delay(2): Delayed 2 second(s)

2023-01-19 20:31:02 - [MESSAGE][PASSED] - Delayed 2 second(s)

2023-01-19 20:31:02 - [TEST_STEP][PASSED] - click(findTestObject("Page_Aprodite/Button Login")): Object: 'Object Repository/Page_Aprodite/Button Login' is clicked on

2023-01-19 20:31:02 - [MESSAGE][PASSED] - Object: 'Object Repository/Page_Aprodite/Button Login' is clicked on

2023-01-19 20:31:02 - [TEST_STEP][PASSED] - verifyElementPresent(findTestObject("Page_Aprodite/Invalid_Password"), 0): Object 'Object Repository/Page_Aprodite/Invalid_Password' is present

2023-01-19 20:31:02 - [MESSAGE][WARNING] - Timeout '0' is invalid. Using default page load timeout: '30'

2023-01-19 20:31:03 - [MESSAGE][PASSED] - Object 'Object Repository/Page_Aprodite/Invalid_Password' is present]]></system-out>
         <system-err><![CDATA[]]></system-err>
      </testcase>
      <testcase name="Test Cases/TC04_Logout" time="16.228" classname="Test Cases/TC04_Logout" status="PASSED">
         <system-out><![CDATA[2023-01-19 20:31:03 - [TEST_CASE][PASSED] - Test Cases/TC04_Logout: Test Cases/TC04_Logout

2023-01-19 20:31:03 - [TEST_STEP][PASSED] - callTestCase(findTestCase("TC01_Valid_Login"), [:], STOP_ON_FAILURE): Call Test Case 'Test Cases/TC01_Valid_Login' successfully

2023-01-19 20:31:04 - [TEST_CASE][PASSED] - Test Cases/TC01_Valid_Login: Test Cases/TC01_Valid_Login

2023-01-19 20:31:04 - [TEST_STEP][PASSED] - openBrowser(""): Browser is opened with url: ''

2023-01-19 20:31:04 - [MESSAGE][WARNING] - A browser is already opened. Closing browser and opening a new one

2023-01-19 20:31:04 - [MESSAGE][INFO] - Starting 'Chrome' driver

2023-01-19 20:31:04 - [MESSAGE][INFO] - Action delay is set to 0 milliseconds

2023-01-19 20:31:06 - [MESSAGE][PASSED] - Browser is opened with url: ''

2023-01-19 20:31:06 - [TEST_STEP][PASSED] - navigateToUrl("http://172.18.49.40:8080/login"): Navigate to 'http://172.18.49.40:8080/login' successfully

2023-01-19 20:31:10 - [MESSAGE][PASSED] - Navigate to 'http://172.18.49.40:8080/login' successfully

2023-01-19 20:31:10 - [TEST_STEP][PASSED] - setText(findTestObject("Page_Aprodite/input_Email"), "testsuperadmin@mailinator.com"): Text 'testsuperadmin@mailinator.com' is set on object 'Object Repository/Page_Aprodite/input_Email'

2023-01-19 20:31:11 - [MESSAGE][PASSED] - Text 'testsuperadmin@mailinator.com' is set on object 'Object Repository/Page_Aprodite/input_Email'

2023-01-19 20:31:11 - [TEST_STEP][PASSED] - setEncryptedText(findTestObject("Page_Aprodite/input_Password"), "5xx1bkCcAlw="): Text ****** has been set on object 'Object Repository/Page_Aprodite/input_Password'

2023-01-19 20:31:12 - [MESSAGE][PASSED] - Text ****** has been set on object 'Object Repository/Page_Aprodite/input_Password'

2023-01-19 20:31:12 - [TEST_STEP][PASSED] - delay(2): Delayed 2 second(s)

2023-01-19 20:31:14 - [MESSAGE][PASSED] - Delayed 2 second(s)

2023-01-19 20:31:14 - [TEST_STEP][PASSED] - click(findTestObject("Page_Aprodite/Button Login")): Object: 'Object Repository/Page_Aprodite/Button Login' is clicked on

2023-01-19 20:31:14 - [MESSAGE][PASSED] - Object: 'Object Repository/Page_Aprodite/Button Login' is clicked on

2023-01-19 20:31:14 - [MESSAGE][PASSED] - Call Test Case 'Test Cases/TC01_Valid_Login' successfully

2023-01-19 20:31:14 - [TEST_STEP][PASSED] - click(findTestObject("Page_Aprodite/Photo_profile")): Object: 'Object Repository/Page_Aprodite/Photo_profile' is clicked on

2023-01-19 20:31:17 - [MESSAGE][PASSED] - Object: 'Object Repository/Page_Aprodite/Photo_profile' is clicked on

2023-01-19 20:31:17 - [TEST_STEP][PASSED] - delay(2): Delayed 2 second(s)

2023-01-19 20:31:19 - [MESSAGE][PASSED] - Delayed 2 second(s)

2023-01-19 20:31:19 - [TEST_STEP][PASSED] - click(findTestObject("Page_Aprodite/Logout_Button")): Object: 'Object Repository/Page_Aprodite/Logout_Button' is clicked on

2023-01-19 20:31:19 - [MESSAGE][PASSED] - Object: 'Object Repository/Page_Aprodite/Logout_Button' is clicked on]]></system-out>
         <system-err><![CDATA[]]></system-err>
      </testcase>
      <system-out><![CDATA[2023-01-19 20:30:27 - [TEST_SUITE][PASSED] - TS01_Login: Test Cases/TC04_Logout]]></system-out>
      <system-err><![CDATA[]]></system-err>
   </testsuite>
</testsuites>
