<?xml version="1.0" encoding="UTF-8"?>
<testsuites name="TS01_Login" time="53.768" tests="4" failures="0" errors="0">
   <testsuite name="TS01_Login" tests="4" failures="0" errors="0" time="53.768" skipped="0" timestamp="2023-01-20 13:50:07" hostname="6000146 - LAPTOP-6000146.bfi.co.id" id="Test Suites/TS01_Login">
      <properties>
         <property name="deviceName" value=""/>
         <property name="devicePlatform" value=""/>
         <property name="logFolder" value="C:\\Users\\6000146\\Katalon Studio\\fiki23.git\\Reports\\20230120_134951\\TS01_Login\\20230120_134951"/>
         <property name="logFiles" value="C:\\Users\\6000146\\Katalon Studio\\fiki23.git\\Reports\\20230120_134951\\TS01_Login\\20230120_134951\\execution0.log"/>
         <property name="attachments" value=""/>
         <property name="hostName" value="6000146 - LAPTOP-6000146.bfi.co.id"/>
         <property name="os" value="Windows 10 64bit"/>
         <property name="katalonVersion" value="8.5.5.208"/>
         <property name="browser" value="Chrome 108.0.0.0"/>
         <property name="hostAddress" value="172.30.1.50"/>
         <property name="sessionId" value="e32b5429ff860fd868d9ac13a9173c86"/>
         <property name="seleniumVersion" value="3.141.59"/>
         <property name="proxyInformation" value="ProxyInformation { proxyOption=NO_PROXY, proxyServerType=HTTP, username=, password=********, proxyServerAddress=, proxyServerPort=0, executionList=&quot;&quot;, isApplyToDesiredCapabilities=true }"/>
         <property name="platform" value="Windows 10"/>
      </properties>
      <testcase name="Test Cases/TC01_Valid_Login" time="17.127" classname="Test Cases/TC01_Valid_Login" status="PASSED">
         <system-out><![CDATA[2023-01-20 13:50:07 - [TEST_CASE][PASSED] - Test Cases/TC01_Valid_Login: Test Cases/TC01_Valid_Login

2023-01-20 13:50:08 - [TEST_STEP][PASSED] - openBrowser(""): Browser is opened with url: ''

2023-01-20 13:50:09 - [MESSAGE][INFO] - Starting 'Chrome' driver

2023-01-20 13:50:09 - [MESSAGE][INFO] - Action delay is set to 0 milliseconds

2023-01-20 13:50:12 - [MESSAGE][PASSED] - Browser is opened with url: ''

2023-01-20 13:50:12 - [TEST_STEP][PASSED] - navigateToUrl("http://172.18.49.40:8080/login"): Navigate to 'http://172.18.49.40:8080/login' successfully

2023-01-20 13:50:19 - [MESSAGE][PASSED] - Navigate to 'http://172.18.49.40:8080/login' successfully

2023-01-20 13:50:19 - [TEST_STEP][PASSED] - setText(findTestObject("Page_Aprodite/input_Email"), "testsuperadmin@mailinator.com"): Text 'testsuperadmin@mailinator.com' is set on object 'Object Repository/Page_Aprodite/input_Email'

2023-01-20 13:50:21 - [MESSAGE][PASSED] - Text 'testsuperadmin@mailinator.com' is set on object 'Object Repository/Page_Aprodite/input_Email'

2023-01-20 13:50:21 - [TEST_STEP][PASSED] - setEncryptedText(findTestObject("Page_Aprodite/input_Password"), "5xx1bkCcAlw="): Text ****** has been set on object 'Object Repository/Page_Aprodite/input_Password'

2023-01-20 13:50:22 - [MESSAGE][PASSED] - Text ****** has been set on object 'Object Repository/Page_Aprodite/input_Password'

2023-01-20 13:50:22 - [TEST_STEP][PASSED] - delay(2): Delayed 2 second(s)

2023-01-20 13:50:24 - [MESSAGE][PASSED] - Delayed 2 second(s)

2023-01-20 13:50:24 - [TEST_STEP][PASSED] - click(findTestObject("Page_Aprodite/Button Login")): Object: 'Object Repository/Page_Aprodite/Button Login' is clicked on

2023-01-20 13:50:24 - [MESSAGE][PASSED] - Object: 'Object Repository/Page_Aprodite/Button Login' is clicked on]]></system-out>
         <system-err><![CDATA[]]></system-err>
      </testcase>
      <testcase name="Test Cases/TC02_Invalid_Email" time="10.733" classname="Test Cases/TC02_Invalid_Email" status="PASSED">
         <system-out><![CDATA[2023-01-20 13:50:24 - [TEST_CASE][PASSED] - Test Cases/TC02_Invalid_Email: Test Cases/TC02_Invalid_Email

2023-01-20 13:50:25 - [TEST_STEP][PASSED] - openBrowser(""): Browser is opened with url: ''

2023-01-20 13:50:25 - [MESSAGE][WARNING] - A browser is already opened. Closing browser and opening a new one

2023-01-20 13:50:26 - [MESSAGE][INFO] - Starting 'Chrome' driver

2023-01-20 13:50:26 - [MESSAGE][INFO] - Action delay is set to 0 milliseconds

2023-01-20 13:50:28 - [MESSAGE][PASSED] - Browser is opened with url: ''

2023-01-20 13:50:28 - [TEST_STEP][PASSED] - navigateToUrl("http://172.18.49.40:8080/login"): Navigate to 'http://172.18.49.40:8080/login' successfully

2023-01-20 13:50:30 - [MESSAGE][PASSED] - Navigate to 'http://172.18.49.40:8080/login' successfully

2023-01-20 13:50:30 - [TEST_STEP][PASSED] - setText(findTestObject("Page_Aprodite/input_Email"), ""): Text '' is set on object 'Object Repository/Page_Aprodite/input_Email'

2023-01-20 13:50:31 - [MESSAGE][PASSED] - Text '' is set on object 'Object Repository/Page_Aprodite/input_Email'

2023-01-20 13:50:31 - [TEST_STEP][PASSED] - setText(findTestObject("Page_Aprodite/input_Password"), "test123"): Text 'test123' is set on object 'Object Repository/Page_Aprodite/input_Password'

2023-01-20 13:50:32 - [MESSAGE][PASSED] - Text 'test123' is set on object 'Object Repository/Page_Aprodite/input_Password'

2023-01-20 13:50:32 - [TEST_STEP][PASSED] - delay(2): Delayed 2 second(s)

2023-01-20 13:50:34 - [MESSAGE][PASSED] - Delayed 2 second(s)

2023-01-20 13:50:34 - [TEST_STEP][PASSED] - click(findTestObject("Page_Aprodite/Button Login")): Object: 'Object Repository/Page_Aprodite/Button Login' is clicked on

2023-01-20 13:50:34 - [MESSAGE][PASSED] - Object: 'Object Repository/Page_Aprodite/Button Login' is clicked on

2023-01-20 13:50:34 - [TEST_STEP][PASSED] - verifyElementPresent(findTestObject("Page_Aprodite/Invalid_username"), 0): Object 'Object Repository/Page_Aprodite/Invalid_username' is present

2023-01-20 13:50:35 - [MESSAGE][WARNING] - Timeout '0' is invalid. Using default page load timeout: '30'

2023-01-20 13:50:35 - [MESSAGE][PASSED] - Object 'Object Repository/Page_Aprodite/Invalid_username' is present]]></system-out>
         <system-err><![CDATA[]]></system-err>
      </testcase>
      <testcase name="Test Cases/TC03_Invalid_Password" time="11.328" classname="Test Cases/TC03_Invalid_Password" status="PASSED">
         <system-out><![CDATA[2023-01-20 13:50:35 - [TEST_CASE][PASSED] - Test Cases/TC03_Invalid_Password: Test Cases/TC03_Invalid_Password

2023-01-20 13:50:36 - [TEST_STEP][PASSED] - openBrowser(""): Browser is opened with url: ''

2023-01-20 13:50:36 - [MESSAGE][WARNING] - A browser is already opened. Closing browser and opening a new one

2023-01-20 13:50:37 - [MESSAGE][INFO] - Starting 'Chrome' driver

2023-01-20 13:50:37 - [MESSAGE][INFO] - Action delay is set to 0 milliseconds

2023-01-20 13:50:39 - [MESSAGE][PASSED] - Browser is opened with url: ''

2023-01-20 13:50:39 - [TEST_STEP][PASSED] - navigateToUrl("http://172.18.49.40:8080/login"): Navigate to 'http://172.18.49.40:8080/login' successfully

2023-01-20 13:50:41 - [MESSAGE][PASSED] - Navigate to 'http://172.18.49.40:8080/login' successfully

2023-01-20 13:50:41 - [TEST_STEP][PASSED] - setText(findTestObject("Page_Aprodite/input_Email"), "testsuperadmin@mailinator.com"): Text 'testsuperadmin@mailinator.com' is set on object 'Object Repository/Page_Aprodite/input_Email'

2023-01-20 13:50:42 - [MESSAGE][PASSED] - Text 'testsuperadmin@mailinator.com' is set on object 'Object Repository/Page_Aprodite/input_Email'

2023-01-20 13:50:42 - [TEST_STEP][PASSED] - setText(findTestObject("Page_Aprodite/input_Password"), ""): Text '' is set on object 'Object Repository/Page_Aprodite/input_Password'

2023-01-20 13:50:43 - [MESSAGE][PASSED] - Text '' is set on object 'Object Repository/Page_Aprodite/input_Password'

2023-01-20 13:50:43 - [TEST_STEP][PASSED] - delay(2): Delayed 2 second(s)

2023-01-20 13:50:45 - [MESSAGE][PASSED] - Delayed 2 second(s)

2023-01-20 13:50:45 - [TEST_STEP][PASSED] - click(findTestObject("Page_Aprodite/Button Login")): Object: 'Object Repository/Page_Aprodite/Button Login' is clicked on

2023-01-20 13:50:46 - [MESSAGE][PASSED] - Object: 'Object Repository/Page_Aprodite/Button Login' is clicked on

2023-01-20 13:50:46 - [TEST_STEP][PASSED] - verifyElementPresent(findTestObject("Page_Aprodite/Invalid_Password"), 0): Object 'Object Repository/Page_Aprodite/Invalid_Password' is present

2023-01-20 13:50:46 - [MESSAGE][WARNING] - Timeout '0' is invalid. Using default page load timeout: '30'

2023-01-20 13:50:46 - [MESSAGE][PASSED] - Object 'Object Repository/Page_Aprodite/Invalid_Password' is present]]></system-out>
         <system-err><![CDATA[]]></system-err>
      </testcase>
      <testcase name="Test Cases/TC04_Logout" time="14.059" classname="Test Cases/TC04_Logout" status="PASSED">
         <system-out><![CDATA[2023-01-20 13:50:46 - [TEST_CASE][PASSED] - Test Cases/TC04_Logout: Test Cases/TC04_Logout

2023-01-20 13:50:47 - [TEST_STEP][PASSED] - callTestCase(findTestCase("TC01_Valid_Login"), [:], STOP_ON_FAILURE): Call Test Case 'Test Cases/TC01_Valid_Login' successfully

2023-01-20 13:50:47 - [TEST_CASE][PASSED] - Test Cases/TC01_Valid_Login: Test Cases/TC01_Valid_Login

2023-01-20 13:50:47 - [TEST_STEP][PASSED] - openBrowser(""): Browser is opened with url: ''

2023-01-20 13:50:47 - [MESSAGE][WARNING] - A browser is already opened. Closing browser and opening a new one

2023-01-20 13:50:48 - [MESSAGE][INFO] - Starting 'Chrome' driver

2023-01-20 13:50:48 - [MESSAGE][INFO] - Action delay is set to 0 milliseconds

2023-01-20 13:50:50 - [MESSAGE][PASSED] - Browser is opened with url: ''

2023-01-20 13:50:50 - [TEST_STEP][PASSED] - navigateToUrl("http://172.18.49.40:8080/login"): Navigate to 'http://172.18.49.40:8080/login' successfully

2023-01-20 13:50:52 - [MESSAGE][PASSED] - Navigate to 'http://172.18.49.40:8080/login' successfully

2023-01-20 13:50:52 - [TEST_STEP][PASSED] - setText(findTestObject("Page_Aprodite/input_Email"), "testsuperadmin@mailinator.com"): Text 'testsuperadmin@mailinator.com' is set on object 'Object Repository/Page_Aprodite/input_Email'

2023-01-20 13:50:53 - [MESSAGE][PASSED] - Text 'testsuperadmin@mailinator.com' is set on object 'Object Repository/Page_Aprodite/input_Email'

2023-01-20 13:50:53 - [TEST_STEP][PASSED] - setEncryptedText(findTestObject("Page_Aprodite/input_Password"), "5xx1bkCcAlw="): Text ****** has been set on object 'Object Repository/Page_Aprodite/input_Password'

2023-01-20 13:50:54 - [MESSAGE][PASSED] - Text ****** has been set on object 'Object Repository/Page_Aprodite/input_Password'

2023-01-20 13:50:54 - [TEST_STEP][PASSED] - delay(2): Delayed 2 second(s)

2023-01-20 13:50:56 - [MESSAGE][PASSED] - Delayed 2 second(s)

2023-01-20 13:50:56 - [TEST_STEP][PASSED] - click(findTestObject("Page_Aprodite/Button Login")): Object: 'Object Repository/Page_Aprodite/Button Login' is clicked on

2023-01-20 13:50:56 - [MESSAGE][PASSED] - Object: 'Object Repository/Page_Aprodite/Button Login' is clicked on

2023-01-20 13:50:56 - [MESSAGE][PASSED] - Call Test Case 'Test Cases/TC01_Valid_Login' successfully

2023-01-20 13:50:56 - [TEST_STEP][PASSED] - click(findTestObject("Page_Aprodite/Photo_profile")): Object: 'Object Repository/Page_Aprodite/Photo_profile' is clicked on

2023-01-20 13:50:58 - [MESSAGE][PASSED] - Object: 'Object Repository/Page_Aprodite/Photo_profile' is clicked on

2023-01-20 13:50:58 - [TEST_STEP][PASSED] - delay(2): Delayed 2 second(s)

2023-01-20 13:51:00 - [MESSAGE][PASSED] - Delayed 2 second(s)

2023-01-20 13:51:00 - [TEST_STEP][PASSED] - click(findTestObject("Page_Aprodite/Logout_Button")): Object: 'Object Repository/Page_Aprodite/Logout_Button' is clicked on

2023-01-20 13:51:00 - [MESSAGE][PASSED] - Object: 'Object Repository/Page_Aprodite/Logout_Button' is clicked on]]></system-out>
         <system-err><![CDATA[]]></system-err>
      </testcase>
      <system-out><![CDATA[2023-01-20 13:50:07 - [TEST_SUITE][PASSED] - TS01_Login: Test Cases/TC04_Logout]]></system-out>
      <system-err><![CDATA[]]></system-err>
   </testsuite>
</testsuites>
