<?xml version="1.0" encoding="UTF-8"?>
<testsuites name="TS01_Login" time="35.985" tests="4" failures="0" errors="0">
   <testsuite name="TS01_Login" tests="4" failures="0" errors="0" time="35.985" skipped="0" timestamp="2023-01-20 16:43:42" hostname="6000146 - LAPTOP-6000146.bfi.co.id" id="Test Suites/TS01_Login">
      <properties>
         <property name="deviceName" value=""/>
         <property name="devicePlatform" value=""/>
         <property name="logFolder" value="C:\\Users\\6000146\\Katalon Studio\\Automation-Login (1)\\Reports\\20230120_164324\\TS01_Login\\20230120_164324"/>
         <property name="logFiles" value="C:\\Users\\6000146\\Katalon Studio\\Automation-Login (1)\\Reports\\20230120_164324\\TS01_Login\\20230120_164324\\execution0.log"/>
         <property name="attachments" value=""/>
         <property name="hostName" value="6000146 - LAPTOP-6000146.bfi.co.id"/>
         <property name="os" value="Windows 10 64bit"/>
         <property name="katalonVersion" value="8.5.5.208"/>
         <property name="browser" value="Chrome 108.0.0.0"/>
         <property name="hostAddress" value="172.30.1.50"/>
         <property name="sessionId" value="8baa41726fa689b6404c443e1b146560"/>
         <property name="seleniumVersion" value="3.141.59"/>
         <property name="proxyInformation" value="ProxyInformation { proxyOption=NO_PROXY, proxyServerType=HTTP, username=, password=********, proxyServerAddress=, proxyServerPort=0, executionList=&quot;&quot;, isApplyToDesiredCapabilities=true }"/>
         <property name="platform" value="Windows 10"/>
      </properties>
      <testcase name="Test Cases/TC01_Valid_Login" time="10.021" classname="Test Cases/TC01_Valid_Login" status="PASSED">
         <system-out><![CDATA[2023-01-20 16:43:42 - [TEST_CASE][PASSED] - Test Cases/TC01_Valid_Login: Test Cases/TC01_Valid_Login

2023-01-20 16:43:43 - [TEST_STEP][PASSED] - openBrowser(""): Browser is opened with url: ''

2023-01-20 16:43:44 - [MESSAGE][INFO] - Starting 'Chrome' driver

2023-01-20 16:43:44 - [MESSAGE][INFO] - Action delay is set to 0 milliseconds

2023-01-20 16:43:47 - [MESSAGE][PASSED] - Browser is opened with url: ''

2023-01-20 16:43:47 - [TEST_STEP][PASSED] - navigateToUrl("http://172.18.49.40:8080/login"): Navigate to 'http://172.18.49.40:8080/login' successfully

2023-01-20 16:43:49 - [MESSAGE][PASSED] - Navigate to 'http://172.18.49.40:8080/login' successfully

2023-01-20 16:43:49 - [TEST_STEP][PASSED] - setText(findTestObject("Page_Aprodite/input_Email"), "testsuperadmin@mailinator.com"): Text 'testsuperadmin@mailinator.com' is set on object 'Object Repository/Page_Aprodite/input_Email'

2023-01-20 16:43:51 - [MESSAGE][PASSED] - Text 'testsuperadmin@mailinator.com' is set on object 'Object Repository/Page_Aprodite/input_Email'

2023-01-20 16:43:51 - [TEST_STEP][PASSED] - setText(findTestObject("Page_Aprodite/input_Password"), "test123"): Text 'test123' is set on object 'Object Repository/Page_Aprodite/input_Password'

2023-01-20 16:43:52 - [MESSAGE][PASSED] - Text 'test123' is set on object 'Object Repository/Page_Aprodite/input_Password'

2023-01-20 16:43:52 - [TEST_STEP][PASSED] - click(findTestObject("Page_Aprodite/Button Login")): Object: 'Object Repository/Page_Aprodite/Button Login' is clicked on

2023-01-20 16:43:52 - [MESSAGE][PASSED] - Object: 'Object Repository/Page_Aprodite/Button Login' is clicked on]]></system-out>
         <system-err><![CDATA[]]></system-err>
      </testcase>
      <testcase name="Test Cases/TC02_Invalid_Email" time="8.752" classname="Test Cases/TC02_Invalid_Email" status="PASSED">
         <system-out><![CDATA[2023-01-20 16:43:52 - [TEST_CASE][PASSED] - Test Cases/TC02_Invalid_Email: Test Cases/TC02_Invalid_Email

2023-01-20 16:43:54 - [TEST_STEP][PASSED] - openBrowser(""): Browser is opened with url: ''

2023-01-20 16:43:54 - [MESSAGE][WARNING] - A browser is already opened. Closing browser and opening a new one

2023-01-20 16:43:54 - [MESSAGE][INFO] - Starting 'Chrome' driver

2023-01-20 16:43:54 - [MESSAGE][INFO] - Action delay is set to 0 milliseconds

2023-01-20 16:43:56 - [MESSAGE][PASSED] - Browser is opened with url: ''

2023-01-20 16:43:56 - [TEST_STEP][PASSED] - navigateToUrl("http://172.18.49.40:8080/login"): Navigate to 'http://172.18.49.40:8080/login' successfully

2023-01-20 16:43:58 - [MESSAGE][PASSED] - Navigate to 'http://172.18.49.40:8080/login' successfully

2023-01-20 16:43:58 - [TEST_STEP][PASSED] - setText(findTestObject("Page_Aprodite/input_Password"), "test123"): Text 'test123' is set on object 'Object Repository/Page_Aprodite/input_Password'

2023-01-20 16:43:59 - [MESSAGE][PASSED] - Text 'test123' is set on object 'Object Repository/Page_Aprodite/input_Password'

2023-01-20 16:43:59 - [TEST_STEP][PASSED] - click(findTestObject("Page_Aprodite/Button Login")): Object: 'Object Repository/Page_Aprodite/Button Login' is clicked on

2023-01-20 16:44:00 - [MESSAGE][PASSED] - Object: 'Object Repository/Page_Aprodite/Button Login' is clicked on

2023-01-20 16:44:00 - [TEST_STEP][PASSED] - verifyElementPresent(findTestObject("Page_Aprodite/Invalid_username"), 0): Object 'Object Repository/Page_Aprodite/Invalid_username' is present

2023-01-20 16:44:00 - [MESSAGE][WARNING] - Timeout '0' is invalid. Using default page load timeout: '30'

2023-01-20 16:44:00 - [MESSAGE][PASSED] - Object 'Object Repository/Page_Aprodite/Invalid_username' is present

2023-01-20 16:44:00 - [TEST_STEP][PASSED] - closeBrowser(): Browser is closed

2023-01-20 16:44:01 - [MESSAGE][PASSED] - Browser is closed]]></system-out>
         <system-err><![CDATA[]]></system-err>
      </testcase>
      <testcase name="Test Cases/TC03_Invalid_Password" time="7.829" classname="Test Cases/TC03_Invalid_Password" status="PASSED">
         <system-out><![CDATA[2023-01-20 16:44:01 - [TEST_CASE][PASSED] - Test Cases/TC03_Invalid_Password: Test Cases/TC03_Invalid_Password

2023-01-20 16:44:02 - [TEST_STEP][PASSED] - openBrowser(""): Browser is opened with url: ''

2023-01-20 16:44:02 - [MESSAGE][INFO] - Starting 'Chrome' driver

2023-01-20 16:44:02 - [MESSAGE][INFO] - Action delay is set to 0 milliseconds

2023-01-20 16:44:03 - [MESSAGE][PASSED] - Browser is opened with url: ''

2023-01-20 16:44:03 - [TEST_STEP][PASSED] - navigateToUrl("http://172.18.49.40:8080/login"): Navigate to 'http://172.18.49.40:8080/login' successfully

2023-01-20 16:44:06 - [MESSAGE][PASSED] - Navigate to 'http://172.18.49.40:8080/login' successfully

2023-01-20 16:44:06 - [TEST_STEP][PASSED] - setText(findTestObject("Page_Aprodite/input_Email"), "testsuperadmin@mailinator.com"): Text 'testsuperadmin@mailinator.com' is set on object 'Object Repository/Page_Aprodite/input_Email'

2023-01-20 16:44:07 - [MESSAGE][PASSED] - Text 'testsuperadmin@mailinator.com' is set on object 'Object Repository/Page_Aprodite/input_Email'

2023-01-20 16:44:07 - [TEST_STEP][PASSED] - click(findTestObject("Page_Aprodite/Button Login")): Object: 'Object Repository/Page_Aprodite/Button Login' is clicked on

2023-01-20 16:44:07 - [MESSAGE][PASSED] - Object: 'Object Repository/Page_Aprodite/Button Login' is clicked on

2023-01-20 16:44:07 - [TEST_STEP][PASSED] - verifyElementPresent(findTestObject("Page_Aprodite/Invalid_Password"), 0): Object 'Object Repository/Page_Aprodite/Invalid_Password' is present

2023-01-20 16:44:08 - [MESSAGE][WARNING] - Timeout '0' is invalid. Using default page load timeout: '30'

2023-01-20 16:44:08 - [MESSAGE][PASSED] - Object 'Object Repository/Page_Aprodite/Invalid_Password' is present

2023-01-20 16:44:08 - [TEST_STEP][PASSED] - closeBrowser(): Browser is closed

2023-01-20 16:44:09 - [MESSAGE][PASSED] - Browser is closed]]></system-out>
         <system-err><![CDATA[]]></system-err>
      </testcase>
      <testcase name="Test Cases/TC04_Logout" time="8.893" classname="Test Cases/TC04_Logout" status="PASSED">
         <system-out><![CDATA[2023-01-20 16:44:09 - [TEST_CASE][PASSED] - Test Cases/TC04_Logout: Test Cases/TC04_Logout

2023-01-20 16:44:09 - [TEST_STEP][PASSED] - callTestCase(findTestCase("TC01_Valid_Login"), [:], STOP_ON_FAILURE): Call Test Case 'Test Cases/TC01_Valid_Login' successfully

2023-01-20 16:44:09 - [TEST_CASE][PASSED] - Test Cases/TC01_Valid_Login: Test Cases/TC01_Valid_Login

2023-01-20 16:44:09 - [TEST_STEP][PASSED] - openBrowser(""): Browser is opened with url: ''

2023-01-20 16:44:09 - [MESSAGE][INFO] - Starting 'Chrome' driver

2023-01-20 16:44:09 - [MESSAGE][INFO] - Action delay is set to 0 milliseconds

2023-01-20 16:44:11 - [MESSAGE][PASSED] - Browser is opened with url: ''

2023-01-20 16:44:11 - [TEST_STEP][PASSED] - navigateToUrl("http://172.18.49.40:8080/login"): Navigate to 'http://172.18.49.40:8080/login' successfully

2023-01-20 16:44:13 - [MESSAGE][PASSED] - Navigate to 'http://172.18.49.40:8080/login' successfully

2023-01-20 16:44:13 - [TEST_STEP][PASSED] - setText(findTestObject("Page_Aprodite/input_Email"), "testsuperadmin@mailinator.com"): Text 'testsuperadmin@mailinator.com' is set on object 'Object Repository/Page_Aprodite/input_Email'

2023-01-20 16:44:14 - [MESSAGE][PASSED] - Text 'testsuperadmin@mailinator.com' is set on object 'Object Repository/Page_Aprodite/input_Email'

2023-01-20 16:44:14 - [TEST_STEP][PASSED] - setText(findTestObject("Page_Aprodite/input_Password"), "test123"): Text 'test123' is set on object 'Object Repository/Page_Aprodite/input_Password'

2023-01-20 16:44:15 - [MESSAGE][PASSED] - Text 'test123' is set on object 'Object Repository/Page_Aprodite/input_Password'

2023-01-20 16:44:15 - [TEST_STEP][PASSED] - click(findTestObject("Page_Aprodite/Button Login")): Object: 'Object Repository/Page_Aprodite/Button Login' is clicked on

2023-01-20 16:44:16 - [MESSAGE][PASSED] - Object: 'Object Repository/Page_Aprodite/Button Login' is clicked on

2023-01-20 16:44:16 - [MESSAGE][PASSED] - Call Test Case 'Test Cases/TC01_Valid_Login' successfully

2023-01-20 16:44:16 - [TEST_STEP][PASSED] - click(findTestObject("Page_Aprodite/Photo_profile")): Object: 'Object Repository/Page_Aprodite/Photo_profile' is clicked on

2023-01-20 16:44:17 - [MESSAGE][PASSED] - Object: 'Object Repository/Page_Aprodite/Photo_profile' is clicked on

2023-01-20 16:44:17 - [TEST_STEP][PASSED] - click(findTestObject("Page_Aprodite/Logout_Button")): Object: 'Object Repository/Page_Aprodite/Logout_Button' is clicked on

2023-01-20 16:44:18 - [MESSAGE][PASSED] - Object: 'Object Repository/Page_Aprodite/Logout_Button' is clicked on]]></system-out>
         <system-err><![CDATA[]]></system-err>
      </testcase>
      <system-out><![CDATA[2023-01-20 16:43:42 - [TEST_SUITE][PASSED] - TS01_Login: Test Cases/TC04_Logout]]></system-out>
      <system-err><![CDATA[]]></system-err>
   </testsuite>
</testsuites>
