<?xml version="1.0" encoding="UTF-8"?>
<testsuites name="TS01_Login" time="43.077" tests="4" failures="0" errors="0">
   <testsuite name="TS01_Login" tests="4" failures="0" errors="0" time="43.077" skipped="0" timestamp="2023-01-20 17:35:51" hostname="6000146 - LAPTOP-6000146.bfi.co.id" id="Test Suites/TS01_Login">
      <properties>
         <property name="deviceName" value=""/>
         <property name="devicePlatform" value=""/>
         <property name="logFolder" value="C:\\Users\\6000146\\Katalon Studio\\Automation-Login (1)\\Reports\\20230120_173529\\TS01_Login\\20230120_173529"/>
         <property name="logFiles" value="C:\\Users\\6000146\\Katalon Studio\\Automation-Login (1)\\Reports\\20230120_173529\\TS01_Login\\20230120_173529\\execution0.log"/>
         <property name="attachments" value=""/>
         <property name="hostName" value="6000146 - LAPTOP-6000146.bfi.co.id"/>
         <property name="os" value="Windows 10 64bit"/>
         <property name="katalonVersion" value="8.5.5.208"/>
         <property name="browser" value="Chrome 108.0.0.0"/>
         <property name="hostAddress" value="172.30.1.50"/>
         <property name="sessionId" value="a8367ace567881a41ad5f8b34b7fa2d6"/>
         <property name="seleniumVersion" value="3.141.59"/>
         <property name="proxyInformation" value="ProxyInformation { proxyOption=NO_PROXY, proxyServerType=HTTP, username=, password=********, proxyServerAddress=, proxyServerPort=0, executionList=&quot;&quot;, isApplyToDesiredCapabilities=true }"/>
         <property name="platform" value="Windows 10"/>
      </properties>
      <testcase name="Test Cases/TC01_Valid_Login" time="14.155" classname="Test Cases/TC01_Valid_Login" status="PASSED">
         <system-out><![CDATA[2023-01-20 17:35:52 - [TEST_CASE][PASSED] - Test Cases/TC01_Valid_Login: Test Cases/TC01_Valid_Login

2023-01-20 17:35:53 - [TEST_STEP][PASSED] - openBrowser(""): Browser is opened with url: ''

2023-01-20 17:35:54 - [MESSAGE][INFO] - Starting 'Chrome' driver

2023-01-20 17:35:55 - [MESSAGE][INFO] - Action delay is set to 0 milliseconds

2023-01-20 17:36:01 - [MESSAGE][PASSED] - Browser is opened with url: ''

2023-01-20 17:36:01 - [TEST_STEP][PASSED] - navigateToUrl("http://172.18.49.40:8080/login"): Navigate to 'http://172.18.49.40:8080/login' successfully

2023-01-20 17:36:03 - [MESSAGE][PASSED] - Navigate to 'http://172.18.49.40:8080/login' successfully

2023-01-20 17:36:03 - [TEST_STEP][PASSED] - setText(findTestObject("Page_Aprodite/input_Email"), "testsuperadmin@mailinator.com"): Text 'testsuperadmin@mailinator.com' is set on object 'Object Repository/Page_Aprodite/input_Email'

2023-01-20 17:36:04 - [MESSAGE][PASSED] - Text 'testsuperadmin@mailinator.com' is set on object 'Object Repository/Page_Aprodite/input_Email'

2023-01-20 17:36:04 - [TEST_STEP][PASSED] - setText(findTestObject("Page_Aprodite/input_Password"), "test123"): Text 'test123' is set on object 'Object Repository/Page_Aprodite/input_Password'

2023-01-20 17:36:05 - [MESSAGE][PASSED] - Text 'test123' is set on object 'Object Repository/Page_Aprodite/input_Password'

2023-01-20 17:36:05 - [TEST_STEP][PASSED] - click(findTestObject("Page_Aprodite/Button Login")): Object: 'Object Repository/Page_Aprodite/Button Login' is clicked on

2023-01-20 17:36:06 - [MESSAGE][PASSED] - Object: 'Object Repository/Page_Aprodite/Button Login' is clicked on]]></system-out>
         <system-err><![CDATA[]]></system-err>
      </testcase>
      <testcase name="Test Cases/TC02_Invalid_Email" time="10.014" classname="Test Cases/TC02_Invalid_Email" status="PASSED">
         <system-out><![CDATA[2023-01-20 17:36:06 - [TEST_CASE][PASSED] - Test Cases/TC02_Invalid_Email: Test Cases/TC02_Invalid_Email

2023-01-20 17:36:07 - [TEST_STEP][PASSED] - openBrowser(""): Browser is opened with url: ''

2023-01-20 17:36:07 - [MESSAGE][WARNING] - A browser is already opened. Closing browser and opening a new one

2023-01-20 17:36:08 - [MESSAGE][INFO] - Starting 'Chrome' driver

2023-01-20 17:36:08 - [MESSAGE][INFO] - Action delay is set to 0 milliseconds

2023-01-20 17:36:10 - [MESSAGE][PASSED] - Browser is opened with url: ''

2023-01-20 17:36:10 - [TEST_STEP][PASSED] - navigateToUrl("http://172.18.49.40:8080/login"): Navigate to 'http://172.18.49.40:8080/login' successfully

2023-01-20 17:36:13 - [MESSAGE][PASSED] - Navigate to 'http://172.18.49.40:8080/login' successfully

2023-01-20 17:36:13 - [TEST_STEP][PASSED] - setText(findTestObject("Page_Aprodite/input_Password"), "test123"): Text 'test123' is set on object 'Object Repository/Page_Aprodite/input_Password'

2023-01-20 17:36:14 - [MESSAGE][PASSED] - Text 'test123' is set on object 'Object Repository/Page_Aprodite/input_Password'

2023-01-20 17:36:14 - [TEST_STEP][PASSED] - click(findTestObject("Page_Aprodite/Button Login")): Object: 'Object Repository/Page_Aprodite/Button Login' is clicked on

2023-01-20 17:36:14 - [MESSAGE][PASSED] - Object: 'Object Repository/Page_Aprodite/Button Login' is clicked on

2023-01-20 17:36:14 - [TEST_STEP][PASSED] - verifyElementPresent(findTestObject("Page_Aprodite/Invalid_username"), 0): Object 'Object Repository/Page_Aprodite/Invalid_username' is present

2023-01-20 17:36:15 - [MESSAGE][WARNING] - Timeout '0' is invalid. Using default page load timeout: '30'

2023-01-20 17:36:15 - [MESSAGE][PASSED] - Object 'Object Repository/Page_Aprodite/Invalid_username' is present

2023-01-20 17:36:15 - [TEST_STEP][PASSED] - closeBrowser(): Browser is closed

2023-01-20 17:36:16 - [MESSAGE][PASSED] - Browser is closed]]></system-out>
         <system-err><![CDATA[]]></system-err>
      </testcase>
      <testcase name="Test Cases/TC03_Invalid_Password" time="7.984" classname="Test Cases/TC03_Invalid_Password" status="PASSED">
         <system-out><![CDATA[2023-01-20 17:36:16 - [TEST_CASE][PASSED] - Test Cases/TC03_Invalid_Password: Test Cases/TC03_Invalid_Password

2023-01-20 17:36:17 - [TEST_STEP][PASSED] - openBrowser(""): Browser is opened with url: ''

2023-01-20 17:36:17 - [MESSAGE][INFO] - Starting 'Chrome' driver

2023-01-20 17:36:17 - [MESSAGE][INFO] - Action delay is set to 0 milliseconds

2023-01-20 17:36:18 - [MESSAGE][PASSED] - Browser is opened with url: ''

2023-01-20 17:36:18 - [TEST_STEP][PASSED] - navigateToUrl("http://172.18.49.40:8080/login"): Navigate to 'http://172.18.49.40:8080/login' successfully

2023-01-20 17:36:21 - [MESSAGE][PASSED] - Navigate to 'http://172.18.49.40:8080/login' successfully

2023-01-20 17:36:21 - [TEST_STEP][PASSED] - setText(findTestObject("Page_Aprodite/input_Email"), "testsuperadmin@mailinator.com"): Text 'testsuperadmin@mailinator.com' is set on object 'Object Repository/Page_Aprodite/input_Email'

2023-01-20 17:36:22 - [MESSAGE][PASSED] - Text 'testsuperadmin@mailinator.com' is set on object 'Object Repository/Page_Aprodite/input_Email'

2023-01-20 17:36:22 - [TEST_STEP][PASSED] - click(findTestObject("Page_Aprodite/Button Login")): Object: 'Object Repository/Page_Aprodite/Button Login' is clicked on

2023-01-20 17:36:22 - [MESSAGE][PASSED] - Object: 'Object Repository/Page_Aprodite/Button Login' is clicked on

2023-01-20 17:36:22 - [TEST_STEP][PASSED] - verifyElementPresent(findTestObject("Page_Aprodite/Invalid_Password"), 0): Object 'Object Repository/Page_Aprodite/Invalid_Password' is present

2023-01-20 17:36:23 - [MESSAGE][WARNING] - Timeout '0' is invalid. Using default page load timeout: '30'

2023-01-20 17:36:23 - [MESSAGE][PASSED] - Object 'Object Repository/Page_Aprodite/Invalid_Password' is present

2023-01-20 17:36:23 - [TEST_STEP][PASSED] - closeBrowser(): Browser is closed

2023-01-20 17:36:24 - [MESSAGE][PASSED] - Browser is closed]]></system-out>
         <system-err><![CDATA[]]></system-err>
      </testcase>
      <testcase name="Test Cases/TC04_Logout" time="9.956" classname="Test Cases/TC04_Logout" status="PASSED">
         <system-out><![CDATA[2023-01-20 17:36:24 - [TEST_CASE][PASSED] - Test Cases/TC04_Logout: Test Cases/TC04_Logout

2023-01-20 17:36:24 - [TEST_STEP][PASSED] - callTestCase(findTestCase("TC01_Valid_Login"), [:], STOP_ON_FAILURE): Call Test Case 'Test Cases/TC01_Valid_Login' successfully

2023-01-20 17:36:25 - [TEST_CASE][PASSED] - Test Cases/TC01_Valid_Login: Test Cases/TC01_Valid_Login

2023-01-20 17:36:25 - [TEST_STEP][PASSED] - openBrowser(""): Browser is opened with url: ''

2023-01-20 17:36:25 - [MESSAGE][INFO] - Starting 'Chrome' driver

2023-01-20 17:36:25 - [MESSAGE][INFO] - Action delay is set to 0 milliseconds

2023-01-20 17:36:26 - [MESSAGE][PASSED] - Browser is opened with url: ''

2023-01-20 17:36:26 - [TEST_STEP][PASSED] - navigateToUrl("http://172.18.49.40:8080/login"): Navigate to 'http://172.18.49.40:8080/login' successfully

2023-01-20 17:36:29 - [MESSAGE][PASSED] - Navigate to 'http://172.18.49.40:8080/login' successfully

2023-01-20 17:36:29 - [TEST_STEP][PASSED] - setText(findTestObject("Page_Aprodite/input_Email"), "testsuperadmin@mailinator.com"): Text 'testsuperadmin@mailinator.com' is set on object 'Object Repository/Page_Aprodite/input_Email'

2023-01-20 17:36:30 - [MESSAGE][PASSED] - Text 'testsuperadmin@mailinator.com' is set on object 'Object Repository/Page_Aprodite/input_Email'

2023-01-20 17:36:30 - [TEST_STEP][PASSED] - setText(findTestObject("Page_Aprodite/input_Password"), "test123"): Text 'test123' is set on object 'Object Repository/Page_Aprodite/input_Password'

2023-01-20 17:36:31 - [MESSAGE][PASSED] - Text 'test123' is set on object 'Object Repository/Page_Aprodite/input_Password'

2023-01-20 17:36:31 - [TEST_STEP][PASSED] - click(findTestObject("Page_Aprodite/Button Login")): Object: 'Object Repository/Page_Aprodite/Button Login' is clicked on

2023-01-20 17:36:32 - [MESSAGE][PASSED] - Object: 'Object Repository/Page_Aprodite/Button Login' is clicked on

2023-01-20 17:36:32 - [MESSAGE][PASSED] - Call Test Case 'Test Cases/TC01_Valid_Login' successfully

2023-01-20 17:36:32 - [TEST_STEP][PASSED] - click(findTestObject("Page_Aprodite/Photo_profile")): Object: 'Object Repository/Page_Aprodite/Photo_profile' is clicked on

2023-01-20 17:36:33 - [MESSAGE][PASSED] - Object: 'Object Repository/Page_Aprodite/Photo_profile' is clicked on

2023-01-20 17:36:33 - [TEST_STEP][PASSED] - click(findTestObject("Page_Aprodite/Logout_Button")): Object: 'Object Repository/Page_Aprodite/Logout_Button' is clicked on

2023-01-20 17:36:34 - [MESSAGE][PASSED] - Object: 'Object Repository/Page_Aprodite/Logout_Button' is clicked on]]></system-out>
         <system-err><![CDATA[]]></system-err>
      </testcase>
      <system-out><![CDATA[2023-01-20 17:35:51 - [TEST_SUITE][PASSED] - TS01_Login: Test Cases/TC04_Logout]]></system-out>
      <system-err><![CDATA[]]></system-err>
   </testsuite>
</testsuites>
